2023.07.15 05:30:04	2	WebAPI:parse deal get page failed: [13]Not found
2023.07.15 06:22:05	2	WebAPI:parse user get failed: [13]Not found
2023.07.15 06:22:27	2	WebAPI:parse user get failed: [13]Not found
2023.07.15 06:22:46	2	WebAPI:parse user get failed: [13]Not found
2023.07.15 06:26:23	2	WebAPI:parse user get failed: [13]Not found
2023.07.15 06:59:03	2	WebAPI:parse user get failed: [13]Not found
2023.07.15 07:00:30	2	WebAPI:parse user get failed: [13]Not found
2023.07.15 07:01:08	2	WebAPI:parse user get failed: [13]Not found
2023.07.15 07:02:24	2	WebAPI:parse user get failed: [13]Not found
2023.07.15 07:03:29	2	WebAPI:parse user get failed: [13]Not found
2023.07.15 07:07:24	2	WebAPI:parse user get failed: [13]Not found
2023.07.15 07:09:01	2	WebAPI:parse user get failed: [13]Not found
2023.07.15 07:09:55	2	WebAPI:parse user get failed: [13]Not found
2023.07.15 12:19:50	2	WebAPI:parse user get failed: [8]Not enough permissions
2023.07.15 12:21:25	2	WebAPI:parse trade balance failed: [8]Not enough permissions
2023.07.15 12:22:49	2	WebAPI:parse user get failed: [8]Not enough permissions
2023.07.15 12:22:53	2	WebAPI:parse trade balance failed: [8]Not enough permissions
2023.07.15 12:23:00	2	WebAPI:parse user get failed: [8]Not enough permissions
2023.07.15 12:23:34	2	WebAPI:parse trade balance failed: [8]Not enough permissions
2023.07.15 12:23:40	2	WebAPI:parse user get failed: [8]Not enough permissions
2023.07.15 12:24:58	2	WebAPI:parse user get failed: [8]Not enough permissions
2023.07.15 12:25:02	2	WebAPI:parse user add failed: [8]Not enough permissions
2023.07.15 12:26:10	2	WebAPI:parse user get failed: [8]Not enough permissions
2023.07.15 12:26:16	2	WebAPI:parse user get failed: [8]Not enough permissions
2023.07.15 12:32:05	2	WebAPI:parse trade balance failed: [8]Not enough permissions
2023.07.15 12:32:18	2	WebAPI:parse user get failed: [8]Not enough permissions
2023.07.15 12:32:24	2	WebAPI:parse user get failed: [8]Not enough permissions
2023.07.15 12:32:33	2	WebAPI:parse user get failed: [8]Not enough permissions
2023.07.15 12:33:15	2	WebAPI:parse user get failed: [8]Not enough permissions
2023.07.15 12:33:21	2	WebAPI:parse trade balance failed: [8]Not enough permissions
2023.07.15 12:33:32	2	WebAPI:parse user get failed: [8]Not enough permissions
2023.07.15 12:35:42	2	WebAPI:parse user get failed: [13]Not found
2023.07.15 12:45:29	2	WebAPI:parse user get failed: [13]Not found
2023.07.15 14:27:46	2	WebAPI:parse user get failed: [13]Not found
2023.07.15 19:33:45	2	WebAPI:parse user get failed: [13]Not found
2023.07.15 19:35:34	2	WebAPI:parse user get failed: [13]Not found
2023.07.15 19:35:40	2	WebAPI:parse user get failed: [13]Not found
2023.07.15 19:35:47	2	WebAPI:parse user get failed: [13]Not found
2023.07.15 19:35:51	2	WebAPI:parse user get failed: [13]Not found
2023.07.15 19:35:55	2	WebAPI:parse user get failed: [13]Not found
2023.07.15 19:37:02	2	WebAPI:parse user get failed: [13]Not found
2023.07.15 19:55:21	2	WebAPI:parse user get failed: [13]Not found
