2023.06.28 14:06:29	2	WebAPI:incorrect header read,   bytes
2023.06.28 14:06:29	2	WebAPI:answer auth start is empty
2023.06.28 14:06:29	2	WebAPI:auth start failed: [7]Network error
2023.06.28 14:06:29	2	WebAPI:incorrect header read,  0 bytes
2023.06.28 14:06:29	2	WebAPI:answer auth start is empty
2023.06.28 14:06:29	2	WebAPI:auth start failed: [7]Network error
2023.06.28 14:08:31	2	WebAPI:incorrect header read,  0 bytes
2023.06.28 14:08:31	2	WebAPI:answer auth start is empty
2023.06.28 14:08:31	2	WebAPI:auth start failed: [7]Network error
2023.06.28 14:08:31	2	WebAPI:incorrect header read,  0 bytes
2023.06.28 14:08:31	2	WebAPI:answer auth start is empty
2023.06.28 14:08:31	2	WebAPI:auth start failed: [7]Network error
2023.06.28 14:08:32	2	WebAPI:incorrect header read,  0 bytes
2023.06.28 14:08:32	2	WebAPI:answer auth start is empty
2023.06.28 14:08:32	2	WebAPI:auth start failed: [7]Network error
2023.06.28 14:08:32	2	WebAPI:incorrect header read,  0 bytes
2023.06.28 14:08:32	2	WebAPI:answer auth start is empty
2023.06.28 14:08:32	2	WebAPI:auth start failed: [7]Network error
2023.06.28 14:08:32	2	WebAPI:incorrect header read,  0 bytes
2023.06.28 14:08:32	2	WebAPI:answer auth start is empty
2023.06.28 14:08:32	2	WebAPI:auth start failed: [7]Network error
2023.06.28 14:08:32	2	WebAPI:incorrect header read,  0 bytes
2023.06.28 14:08:32	2	WebAPI:answer auth start is empty
2023.06.28 14:08:32	2	WebAPI:auth start failed: [7]Network error
2023.06.28 14:08:33	2	WebAPI:incorrect header read,  0 bytes
2023.06.28 14:08:33	2	WebAPI:answer auth start is empty
2023.06.28 14:08:33	2	WebAPI:auth start failed: [7]Network error
2023.06.28 14:08:33	2	WebAPI:incorrect header read,  0 bytes
2023.06.28 14:08:33	2	WebAPI:answer auth start is empty
2023.06.28 14:08:33	2	WebAPI:auth start failed: [7]Network error
2023.06.28 14:08:33	2	WebAPI:incorrect header read,  0 bytes
2023.06.28 14:08:33	2	WebAPI:answer auth start is empty
2023.06.28 14:08:33	2	WebAPI:auth start failed: [7]Network error
2023.06.28 14:08:33	2	WebAPI:incorrect header read,  0 bytes
2023.06.28 14:08:33	2	WebAPI:answer auth start is empty
2023.06.28 14:08:33	2	WebAPI:auth start failed: [7]Network error
2023.06.28 14:08:34	2	WebAPI:incorrect header read,  0 bytes
2023.06.28 14:08:34	2	WebAPI:answer auth start is empty
2023.06.28 14:08:34	2	WebAPI:auth start failed: [7]Network error
2023.06.28 14:08:34	2	WebAPI:incorrect header read,  0 bytes
2023.06.28 14:08:34	2	WebAPI:answer auth start is empty
2023.06.28 14:08:34	2	WebAPI:auth start failed: [7]Network error
2023.06.28 14:08:34	2	WebAPI:incorrect header read,  0 bytes
2023.06.28 14:08:34	2	WebAPI:answer auth start is empty
2023.06.28 14:08:34	2	WebAPI:auth start failed: [7]Network error
2023.06.28 14:08:34	2	WebAPI:incorrect header read,  0 bytes
2023.06.28 14:08:34	2	WebAPI:answer auth start is empty
2023.06.28 14:08:34	2	WebAPI:auth start failed: [7]Network error
2023.06.28 14:08:35	2	WebAPI:incorrect header read,  0 bytes
2023.06.28 14:08:35	2	WebAPI:answer auth start is empty
2023.06.28 14:08:35	2	WebAPI:auth start failed: [7]Network error
2023.06.28 14:08:35	2	WebAPI:incorrect header read,  0 bytes
2023.06.28 14:08:35	2	WebAPI:answer auth start is empty
2023.06.28 14:08:35	2	WebAPI:auth start failed: [7]Network error
2023.06.28 14:08:36	2	WebAPI:incorrect header read,  0 bytes
2023.06.28 14:08:36	2	WebAPI:answer auth start is empty
2023.06.28 14:08:36	2	WebAPI:auth start failed: [7]Network error
2023.06.28 20:09:24	2	WebAPI:parse user get failed: [13]Not found
