2023.06.07 16:02:49	2	WebAPI:incorrect header read,   bytes
2023.06.07 16:02:49	2	WebAPI:answer auth start is empty
2023.06.07 16:02:49	2	WebAPI:auth start failed: [7]Network error
2023.06.07 16:02:49	2	WebAPI:incorrect header read,   bytes
2023.06.07 16:02:49	2	WebAPI:answer auth start is empty
2023.06.07 16:02:49	2	WebAPI:auth start failed: [7]Network error
2023.06.07 16:02:49	2	WebAPI:incorrect header read,   bytes
2023.06.07 16:02:49	2	WebAPI:answer auth start is empty
2023.06.07 16:02:49	2	WebAPI:auth start failed: [7]Network error
2023.06.07 16:03:15	2	WebAPI:incorrect header read,  0 bytes
2023.06.07 16:03:15	2	WebAPI:answer auth start is empty
2023.06.07 16:03:15	2	WebAPI:auth start failed: [7]Network error
2023.06.07 16:03:37	2	WebAPI:incorrect header read,  0 bytes
2023.06.07 16:03:37	2	WebAPI:answer auth start is empty
2023.06.07 16:03:37	2	WebAPI:auth start failed: [7]Network error
2023.06.07 16:03:51	2	WebAPI:incorrect header read,  0 bytes
2023.06.07 16:03:51	2	WebAPI:answer auth start is empty
2023.06.07 16:03:51	2	WebAPI:auth start failed: [7]Network error
2023.06.07 16:03:59	2	WebAPI:incorrect header read,  0 bytes
2023.06.07 16:03:59	2	WebAPI:answer auth start is empty
2023.06.07 16:03:59	2	WebAPI:auth start failed: [7]Network error
2023.06.07 16:06:04	2	WebAPI:incorrect header read,  0 bytes
2023.06.07 16:06:04	2	WebAPI:answer auth start is empty
2023.06.07 16:06:04	2	WebAPI:auth start failed: [7]Network error
2023.06.07 16:06:19	2	WebAPI:incorrect header read,  0 bytes
2023.06.07 16:06:19	2	WebAPI:answer auth start is empty
2023.06.07 16:06:19	2	WebAPI:auth start failed: [7]Network error
2023.06.07 16:07:17	2	WebAPI:incorrect header read,  0 bytes
2023.06.07 16:07:17	2	WebAPI:answer auth start is empty
2023.06.07 16:07:17	2	WebAPI:auth start failed: [7]Network error
2023.06.07 16:07:34	2	WebAPI:incorrect header read,  0 bytes
2023.06.07 16:07:34	2	WebAPI:answer auth start is empty
2023.06.07 16:07:34	2	WebAPI:auth start failed: [7]Network error
2023.06.07 16:08:39	2	WebAPI:incorrect header read,  0 bytes
2023.06.07 16:08:39	2	WebAPI:answer auth start is empty
2023.06.07 16:08:39	2	WebAPI:auth start failed: [7]Network error
2023.06.07 16:08:41	2	WebAPI:incorrect header read,  0 bytes
2023.06.07 16:08:41	2	WebAPI:answer auth start is empty
2023.06.07 16:08:41	2	WebAPI:auth start failed: [7]Network error
2023.06.07 16:08:49	2	WebAPI:incorrect header read,  0 bytes
2023.06.07 16:08:49	2	WebAPI:answer auth start is empty
2023.06.07 16:08:49	2	WebAPI:auth start failed: [7]Network error
2023.06.07 16:08:54	2	WebAPI:incorrect header read,  0 bytes
2023.06.07 16:08:54	2	WebAPI:answer auth start is empty
2023.06.07 16:08:54	2	WebAPI:auth start failed: [7]Network error
2023.06.07 16:09:31	2	WebAPI:incorrect header read,  0 bytes
2023.06.07 16:09:31	2	WebAPI:answer auth start is empty
2023.06.07 16:09:31	2	WebAPI:auth start failed: [7]Network error
2023.06.07 16:15:17	2	WebAPI:parse user get failed: [3]Invalid parameters
2023.06.07 18:01:54	2	WebAPI:incorrect header read,   bytes
2023.06.07 18:01:54	2	WebAPI:answer auth start is empty
2023.06.07 18:01:54	2	WebAPI:auth start failed: [7]Network error
2023.06.07 18:01:55	2	WebAPI:incorrect header read,   bytes
2023.06.07 18:01:55	2	WebAPI:answer auth start is empty
2023.06.07 18:01:55	2	WebAPI:auth start failed: [7]Network error
2023.06.07 18:06:08	2	WebAPI:incorrect header read,  0 bytes
2023.06.07 18:06:08	2	WebAPI:answer auth start is empty
2023.06.07 18:06:08	2	WebAPI:auth start failed: [7]Network error
2023.06.07 18:06:09	2	WebAPI:incorrect header read,  0 bytes
2023.06.07 18:06:09	2	WebAPI:answer auth start is empty
2023.06.07 18:06:09	2	WebAPI:auth start failed: [7]Network error
2023.06.07 18:06:24	2	WebAPI:incorrect header read,  0 bytes
2023.06.07 18:06:24	2	WebAPI:answer auth start is empty
2023.06.07 18:06:24	2	WebAPI:auth start failed: [7]Network error
2023.06.07 18:06:36	2	WebAPI:incorrect header read,  0 bytes
2023.06.07 18:06:36	2	WebAPI:answer auth start is empty
2023.06.07 18:06:36	2	WebAPI:auth start failed: [7]Network error
2023.06.07 18:06:44	2	WebAPI:incorrect header read,  0 bytes
2023.06.07 18:06:44	2	WebAPI:answer auth start is empty
2023.06.07 18:06:44	2	WebAPI:auth start failed: [7]Network error
2023.06.07 18:07:55	2	WebAPI:incorrect header read,  0 bytes
2023.06.07 18:07:55	2	WebAPI:answer auth start is empty
2023.06.07 18:07:55	2	WebAPI:auth start failed: [7]Network error
2023.06.07 18:08:05	2	WebAPI:incorrect header read,  0 bytes
2023.06.07 18:08:05	2	WebAPI:answer auth start is empty
2023.06.07 18:08:05	2	WebAPI:auth start failed: [7]Network error
2023.06.07 18:08:16	2	WebAPI:incorrect header read,  0 bytes
2023.06.07 18:08:16	2	WebAPI:answer auth start is empty
2023.06.07 18:08:16	2	WebAPI:auth start failed: [7]Network error
2023.06.07 18:08:21	2	WebAPI:incorrect header read,  0 bytes
2023.06.07 18:08:21	2	WebAPI:answer auth start is empty
2023.06.07 18:08:21	2	WebAPI:auth start failed: [7]Network error
2023.06.07 18:08:29	2	WebAPI:incorrect header read,  0 bytes
2023.06.07 18:08:29	2	WebAPI:answer auth start is empty
2023.06.07 18:08:29	2	WebAPI:auth start failed: [7]Network error
2023.06.07 18:09:27	2	WebAPI:incorrect header read,  0 bytes
2023.06.07 18:09:27	2	WebAPI:answer auth start is empty
2023.06.07 18:09:27	2	WebAPI:auth start failed: [7]Network error
2023.06.07 18:09:54	2	WebAPI:incorrect header read,  0 bytes
2023.06.07 18:09:54	2	WebAPI:answer auth start is empty
2023.06.07 18:09:54	2	WebAPI:auth start failed: [7]Network error
