2023.07.14 12:20:59	2	WebAPI:incorrect header read,  0 bytes
2023.07.14 12:20:59	2	WebAPI:answer auth answer is empty
2023.07.14 12:20:59	2	WebAPI:auth answer failed: [7]Network error
2023.07.14 14:50:10	2	WebAPI:parse user password change failed: [3]Invalid parameters
2023.07.14 14:51:43	2	WebAPI:parse user get failed: [13]Not found
2023.07.14 14:52:02	2	WebAPI:parse user password change failed: [3]Invalid parameters
2023.07.14 14:55:10	2	WebAPI:parse user get failed: [13]Not found
2023.07.14 14:55:21	2	WebAPI:parse user get failed: [13]Not found
2023.07.14 14:55:25	2	WebAPI:parse user get failed: [13]Not found
2023.07.14 14:55:35	2	WebAPI:parse user get failed: [13]Not found
2023.07.14 14:55:39	2	WebAPI:parse user get failed: [13]Not found
2023.07.14 14:56:29	2	WebAPI:parse user get failed: [13]Not found
2023.07.14 14:56:36	2	WebAPI:parse trade balance failed: [13]Not found
2023.07.14 14:56:41	2	WebAPI:parse user get failed: [13]Not found
2023.07.14 14:57:03	2	WebAPI:parse user get failed: [13]Not found
2023.07.14 14:57:35	2	WebAPI:parse user get failed: [13]Not found
2023.07.14 14:57:42	2	WebAPI:parse user get failed: [13]Not found
2023.07.14 14:59:11	2	WebAPI:parse user password change failed: [3]Invalid parameters
2023.07.14 14:59:28	2	WebAPI:parse user get failed: [13]Not found
2023.07.14 14:59:39	2	WebAPI:parse trade balance failed: [13]Not found
2023.07.14 15:02:40	2	WebAPI:parse user get failed: [13]Not found
2023.07.14 15:02:47	2	WebAPI:parse user get failed: [13]Not found
2023.07.14 15:12:13	2	WebAPI:parse trade balance failed: [13]Not found
2023.07.14 15:12:22	2	WebAPI:parse user get failed: [13]Not found
2023.07.14 15:12:27	2	WebAPI:parse trade balance failed: [13]Not found
2023.07.14 15:12:41	2	WebAPI:parse user get failed: [13]Not found
2023.07.14 15:15:42	2	WebAPI:parse user get failed: [13]Not found
2023.07.14 15:17:24	2	WebAPI:parse user get failed: [13]Not found
2023.07.14 15:17:57	2	WebAPI:parse user get failed: [13]Not found
2023.07.14 15:18:06	2	WebAPI:parse user get failed: [13]Not found
2023.07.14 15:20:14	2	WebAPI:parse user get failed: [13]Not found
2023.07.14 15:23:56	2	WebAPI:parse user get failed: [13]Not found
2023.07.14 15:24:08	2	WebAPI:parse trade balance failed: [13]Not found
2023.07.14 15:25:29	2	WebAPI:parse user get failed: [13]Not found
2023.07.14 15:26:57	2	WebAPI:parse user add failed: [8]Not enough permissions
2023.07.14 15:28:45	2	WebAPI:parse user add failed: [8]Not enough permissions
2023.07.14 15:32:36	2	WebAPI:parse user add failed: [8]Not enough permissions
2023.07.14 15:32:59	2	WebAPI:parse user add failed: [8]Not enough permissions
2023.07.14 15:33:33	2	WebAPI:parse user get failed: [13]Not found
2023.07.14 15:33:39	2	WebAPI:parse user get failed: [13]Not found
2023.07.14 15:33:45	2	WebAPI:parse user get failed: [13]Not found
2023.07.14 15:35:24	2	WebAPI:parse user get failed: [13]Not found
2023.07.14 15:35:37	2	WebAPI:parse user get failed: [13]Not found
2023.07.14 15:41:50	2	WebAPI:parse user get failed: [13]Not found
2023.07.14 15:42:01	2	WebAPI:parse user get failed: [13]Not found
2023.07.14 15:42:19	2	WebAPI:parse user add failed: [8]Not enough permissions
2023.07.14 15:42:25	2	WebAPI:parse user add failed: [8]Not enough permissions
2023.07.14 15:42:26	2	WebAPI:parse user get failed: [13]Not found
2023.07.14 15:42:34	2	WebAPI:parse user get failed: [13]Not found
2023.07.14 15:42:42	2	WebAPI:parse user add failed: [8]Not enough permissions
2023.07.14 15:43:37	2	WebAPI:parse user get failed: [13]Not found
2023.07.14 15:43:43	2	WebAPI:parse user get failed: [13]Not found
2023.07.14 15:43:48	2	WebAPI:parse user add failed: [8]Not enough permissions
2023.07.14 15:44:55	2	WebAPI:parse user get failed: [13]Not found
2023.07.14 15:46:23	2	WebAPI:parse user get failed: [13]Not found
2023.07.14 15:46:38	2	WebAPI:parse user get failed: [13]Not found
2023.07.14 15:46:40	2	WebAPI:parse user get failed: [13]Not found
2023.07.14 15:46:42	2	WebAPI:parse user get failed: [13]Not found
2023.07.14 15:46:55	2	WebAPI:parse user get failed: [13]Not found
2023.07.14 15:47:41	2	WebAPI:parse user get failed: [13]Not found
2023.07.14 15:47:50	2	WebAPI:parse trade balance failed: [13]Not found
2023.07.14 15:47:55	2	WebAPI:parse user get failed: [13]Not found
2023.07.14 15:59:33	2	WebAPI:parse user get failed: [13]Not found
2023.07.14 15:59:51	2	WebAPI:parse user get failed: [13]Not found
2023.07.14 15:59:56	2	WebAPI:parse user get failed: [13]Not found
2023.07.14 16:00:16	2	WebAPI:parse user get failed: [13]Not found
2023.07.14 16:03:17	2	WebAPI:parse user get failed: [13]Not found
2023.07.14 16:03:21	2	WebAPI:parse user get failed: [13]Not found
2023.07.14 16:04:10	2	WebAPI:parse user get failed: [13]Not found
2023.07.14 16:04:16	2	WebAPI:parse user add failed: [8]Not enough permissions
2023.07.14 16:05:13	2	WebAPI:parse user get failed: [13]Not found
2023.07.14 16:05:24	2	WebAPI:parse user add failed: [8]Not enough permissions
2023.07.14 16:05:49	2	WebAPI:parse user get failed: [13]Not found
2023.07.14 16:05:52	2	WebAPI:parse user get failed: [13]Not found
2023.07.14 16:06:30	2	WebAPI:parse user get failed: [13]Not found
2023.07.14 16:06:37	2	WebAPI:parse user add failed: [8]Not enough permissions
2023.07.14 16:07:44	2	WebAPI:parse user get failed: [13]Not found
2023.07.14 16:07:47	2	WebAPI:parse user get failed: [13]Not found
2023.07.14 16:07:52	2	WebAPI:parse user add failed: [8]Not enough permissions
2023.07.14 16:08:04	2	WebAPI:parse user get failed: [13]Not found
2023.07.14 16:08:13	2	WebAPI:parse user get failed: [13]Not found
2023.07.14 16:09:00	2	WebAPI:parse user get failed: [13]Not found
2023.07.14 16:12:43	2	WebAPI:auth answer failed: [1001]Invalid account
2023.07.14 16:12:45	2	WebAPI:auth answer failed: [1001]Invalid account
2023.07.14 16:12:51	2	WebAPI:auth answer failed: [1001]Invalid account
2023.07.14 16:12:55	2	WebAPI:auth answer failed: [1001]Invalid account
2023.07.14 16:24:00	2	WebAPI:auth answer failed: [1001]Invalid account
2023.07.14 16:26:25	2	WebAPI:auth answer failed: [1001]Invalid account
2023.07.14 16:29:49	2	WebAPI:auth answer failed: [1001]Invalid account
2023.07.14 16:29:53	2	WebAPI:auth answer failed: [1001]Invalid account
2023.07.14 16:29:58	2	WebAPI:auth answer failed: [1001]Invalid account
2023.07.14 16:30:46	2	WebAPI:auth answer failed: [1001]Invalid account
2023.07.14 16:31:08	2	WebAPI:auth answer failed: [1001]Invalid account
2023.07.14 16:32:45	2	WebAPI:auth answer failed: [1001]Invalid account
2023.07.14 16:36:05	2	WebAPI:auth answer failed: [1001]Invalid account
2023.07.14 16:36:11	2	WebAPI:auth answer failed: [1001]Invalid account
2023.07.14 16:37:57	2	WebAPI:auth answer failed: [1001]Invalid account
2023.07.14 16:38:06	2	WebAPI:auth answer failed: [1001]Invalid account
2023.07.14 16:51:09	2	WebAPI:auth answer failed: [1001]Invalid account
2023.07.14 16:51:14	2	WebAPI:auth answer failed: [1001]Invalid account
2023.07.14 16:51:18	2	WebAPI:auth answer failed: [1001]Invalid account
2023.07.14 16:51:22	2	WebAPI:auth answer failed: [1001]Invalid account
2023.07.14 16:51:25	2	WebAPI:auth answer failed: [1001]Invalid account
2023.07.14 16:51:56	2	WebAPI:auth answer failed: [1001]Invalid account
2023.07.14 16:51:59	2	WebAPI:auth answer failed: [1001]Invalid account
2023.07.14 16:52:37	2	WebAPI:auth answer failed: [1001]Invalid account
2023.07.14 16:52:39	2	WebAPI:auth answer failed: [1001]Invalid account
2023.07.14 17:01:37	2	WebAPI:auth answer failed: [1001]Invalid account
2023.07.14 17:01:45	2	WebAPI:auth answer failed: [1001]Invalid account
2023.07.14 17:02:00	2	WebAPI:auth answer failed: [1001]Invalid account
2023.07.14 17:05:01	2	WebAPI:parse user get failed: [13]Not found
2023.07.14 17:05:05	2	WebAPI:parse user add failed: [8]Not enough permissions
2023.07.14 17:08:01	2	WebAPI:parse user get failed: [13]Not found
2023.07.14 17:08:04	2	WebAPI:parse user add failed: [8]Not enough permissions
2023.07.14 17:15:02	2	WebAPI:parse user get failed: [13]Not found
2023.07.14 17:15:05	2	WebAPI:parse user add failed: [8]Not enough permissions
2023.07.14 17:15:09	2	WebAPI:parse user get failed: [13]Not found
2023.07.14 17:15:43	2	WebAPI:parse user add failed: [8]Not enough permissions
2023.07.14 17:15:51	2	WebAPI:parse user get failed: [13]Not found
2023.07.14 17:15:58	2	WebAPI:parse user get failed: [13]Not found
2023.07.14 17:16:06	2	WebAPI:parse user add failed: [8]Not enough permissions
2023.07.14 17:17:57	2	WebAPI:parse user get failed: [13]Not found
2023.07.14 17:18:25	2	WebAPI:parse user get failed: [13]Not found
2023.07.14 17:18:32	2	WebAPI:parse user get failed: [13]Not found
2023.07.14 17:18:46	2	WebAPI:parse user get failed: [13]Not found
2023.07.14 17:18:55	2	WebAPI:parse user get failed: [13]Not found
2023.07.14 17:19:07	2	WebAPI:parse user get failed: [13]Not found
2023.07.14 17:26:23	2	WebAPI:parse user get failed: [13]Not found
2023.07.14 17:26:37	2	WebAPI:parse user get failed: [13]Not found
2023.07.14 17:27:30	2	WebAPI:auth answer failed: [1001]Invalid account
2023.07.14 17:27:34	2	WebAPI:auth answer failed: [1001]Invalid account
2023.07.14 17:27:41	2	WebAPI:auth answer failed: [1001]Invalid account
2023.07.14 17:29:01	2	WebAPI:auth answer failed: [1001]Invalid account
2023.07.14 17:30:10	2	WebAPI:auth answer failed: [1001]Invalid account
2023.07.14 17:30:11	2	WebAPI:auth answer failed: [1001]Invalid account
2023.07.14 17:31:16	2	WebAPI:parse user get failed: [13]Not found
2023.07.14 17:31:21	2	WebAPI:parse user get failed: [13]Not found
2023.07.14 17:32:50	2	WebAPI:parse user get failed: [13]Not found
2023.07.14 17:33:16	2	WebAPI:parse user add failed: [8]Not enough permissions
2023.07.14 17:34:24	2	WebAPI:auth answer failed: [1001]Invalid account
2023.07.14 17:36:13	2	WebAPI:parse user add failed: [8]Not enough permissions
2023.07.14 17:37:22	2	WebAPI:parse user get failed: [8]Not enough permissions
2023.07.14 17:37:25	2	WebAPI:parse user add failed: [8]Not enough permissions
2023.07.14 17:37:33	2	WebAPI:parse user get failed: [8]Not enough permissions
2023.07.14 17:37:36	2	WebAPI:parse user get failed: [8]Not enough permissions
2023.07.14 17:38:05	2	WebAPI:auth answer failed: [1001]Invalid account
2023.07.14 17:38:06	2	WebAPI:auth answer failed: [1001]Invalid account
2023.07.14 17:39:25	2	WebAPI:parse user get failed: [8]Not enough permissions
2023.07.14 17:39:30	2	WebAPI:parse user add failed: [8]Not enough permissions
2023.07.14 17:39:39	2	WebAPI:parse user get failed: [8]Not enough permissions
2023.07.14 17:41:03	2	WebAPI:parse user get failed: [13]Not found
2023.07.14 17:43:24	2	WebAPI:auth answer failed: [1001]Invalid account
2023.07.14 17:43:29	2	WebAPI:auth answer failed: [1001]Invalid account
2023.07.14 17:44:31	2	WebAPI:auth answer failed: [1001]Invalid account
2023.07.14 17:44:34	2	WebAPI:auth answer failed: [1001]Invalid account
2023.07.14 17:44:54	2	WebAPI:auth answer failed: [1001]Invalid account
2023.07.14 17:44:57	2	WebAPI:auth answer failed: [1001]Invalid account
2023.07.14 17:52:11	2	WebAPI:parse user get failed: [13]Not found
2023.07.14 17:54:03	2	WebAPI:parse user get failed: [13]Not found
2023.07.14 17:54:09	2	WebAPI:parse user get failed: [13]Not found
2023.07.14 17:54:33	2	WebAPI:parse user get failed: [13]Not found
2023.07.14 17:54:39	2	WebAPI:parse user get failed: [13]Not found
2023.07.14 17:54:54	2	WebAPI:parse user get failed: [13]Not found
2023.07.14 17:55:08	2	WebAPI:parse user get failed: [13]Not found
2023.07.14 17:55:09	2	WebAPI:parse user add failed: [8]Not enough permissions
2023.07.14 17:56:01	2	WebAPI:parse user get failed: [8]Not enough permissions
2023.07.14 17:56:04	2	WebAPI:parse user add failed: [8]Not enough permissions
2023.07.14 17:56:05	2	WebAPI:parse user get failed: [13]Not found
2023.07.14 17:56:20	2	WebAPI:parse user get failed: [8]Not enough permissions
2023.07.14 17:56:26	2	WebAPI:parse user add failed: [8]Not enough permissions
2023.07.14 17:56:35	2	WebAPI:parse user get failed: [8]Not enough permissions
2023.07.14 17:56:39	2	WebAPI:parse user get failed: [8]Not enough permissions
2023.07.14 17:56:45	2	WebAPI:parse user add failed: [8]Not enough permissions
2023.07.14 17:56:50	2	WebAPI:parse user get failed: [8]Not enough permissions
2023.07.14 17:56:52	2	WebAPI:parse user get failed: [13]Not found
2023.07.14 17:56:53	2	WebAPI:parse user get failed: [8]Not enough permissions
2023.07.14 17:57:08	2	WebAPI:parse user get failed: [13]Not found
2023.07.14 17:57:20	2	WebAPI:parse user get failed: [13]Not found
2023.07.14 17:57:26	2	WebAPI:parse user get failed: [13]Not found
2023.07.14 17:57:27	2	WebAPI:parse user get failed: [8]Not enough permissions
2023.07.14 17:57:28	2	WebAPI:parse user get failed: [13]Not found
2023.07.14 17:57:34	2	WebAPI:parse user add failed: [8]Not enough permissions
2023.07.14 17:57:39	2	WebAPI:parse user get failed: [13]Not found
2023.07.14 17:57:42	2	WebAPI:parse user get failed: [8]Not enough permissions
2023.07.14 17:57:49	2	WebAPI:parse user get failed: [8]Not enough permissions
2023.07.14 17:57:55	2	WebAPI:parse user get failed: [13]Not found
2023.07.14 17:58:01	2	WebAPI:parse user get failed: [13]Not found
2023.07.14 17:58:15	2	WebAPI:parse user get failed: [8]Not enough permissions
2023.07.14 17:58:21	2	WebAPI:parse user add failed: [8]Not enough permissions
2023.07.14 17:58:54	2	WebAPI:parse user get failed: [8]Not enough permissions
2023.07.14 17:58:55	2	WebAPI:parse user get failed: [13]Not found
2023.07.14 17:58:57	2	WebAPI:parse user add failed: [8]Not enough permissions
2023.07.14 17:58:58	2	WebAPI:parse user get failed: [13]Not found
2023.07.14 17:59:08	2	WebAPI:parse user get failed: [13]Not found
2023.07.14 17:59:14	2	WebAPI:parse user get failed: [13]Not found
2023.07.14 17:59:16	2	WebAPI:parse user get failed: [13]Not found
2023.07.14 18:02:20	2	WebAPI:parse user get failed: [13]Not found
2023.07.14 18:02:47	2	WebAPI:parse user get failed: [13]Not found
2023.07.14 18:02:51	2	WebAPI:parse user get failed: [13]Not found
2023.07.14 18:03:06	2	WebAPI:parse user get failed: [13]Not found
2023.07.14 18:06:27	2	WebAPI:parse user get failed: [8]Not enough permissions
2023.07.14 18:08:52	2	WebAPI:parse user get failed: [13]Not found
2023.07.14 18:12:14	2	WebAPI:parse user get failed: [13]Not found
2023.07.14 18:41:26	2	WebAPI:parse user add failed: [8]Not enough permissions
2023.07.14 18:45:33	2	WebAPI:parse user get failed: [13]Not found
2023.07.14 18:46:08	2	WebAPI:parse user get failed: [13]Not found
2023.07.14 18:48:22	2	WebAPI:parse user get failed: [13]Not found
2023.07.14 18:57:05	2	WebAPI:parse user get failed: [13]Not found
2023.07.14 19:03:13	2	WebAPI:parse user get failed: [13]Not found
2023.07.14 19:04:18	2	WebAPI:parse user get failed: [13]Not found
2023.07.14 19:04:39	2	WebAPI:parse user get failed: [13]Not found
2023.07.14 19:04:46	2	WebAPI:parse user get failed: [13]Not found
2023.07.14 19:04:58	2	WebAPI:parse user get failed: [13]Not found
2023.07.14 19:06:09	2	WebAPI:parse user get failed: [13]Not found
2023.07.14 19:06:17	2	WebAPI:parse user get failed: [13]Not found
2023.07.14 19:06:44	2	WebAPI:parse user get failed: [13]Not found
2023.07.14 19:07:32	2	WebAPI:parse user get failed: [13]Not found
2023.07.14 19:08:13	2	WebAPI:parse user get failed: [13]Not found
2023.07.14 19:08:36	2	WebAPI:parse user get failed: [13]Not found
2023.07.14 19:08:52	2	WebAPI:parse user get failed: [13]Not found
2023.07.14 19:09:13	2	WebAPI:parse user get failed: [13]Not found
2023.07.14 19:09:25	2	WebAPI:parse user get failed: [13]Not found
2023.07.14 19:10:44	2	WebAPI:parse user get failed: [13]Not found
2023.07.14 19:11:26	2	WebAPI:parse user get failed: [13]Not found
2023.07.14 19:12:16	2	WebAPI:parse user get failed: [13]Not found
2023.07.14 19:12:39	2	WebAPI:parse user get failed: [13]Not found
2023.07.14 19:13:24	2	WebAPI:parse user get failed: [13]Not found
2023.07.14 19:14:36	2	WebAPI:parse user get failed: [13]Not found
2023.07.14 19:16:11	2	WebAPI:parse user get failed: [13]Not found
2023.07.14 19:16:22	2	WebAPI:parse user get failed: [13]Not found
2023.07.14 19:17:23	2	WebAPI:parse user get failed: [13]Not found
2023.07.14 19:19:41	2	WebAPI:parse user get failed: [13]Not found
2023.07.14 19:20:10	2	WebAPI:parse user get failed: [13]Not found
2023.07.14 19:20:42	2	WebAPI:parse user get failed: [13]Not found
2023.07.14 19:20:47	2	WebAPI:parse user get failed: [13]Not found
2023.07.14 19:20:56	2	WebAPI:parse user get failed: [13]Not found
2023.07.14 19:23:13	2	WebAPI:parse user get failed: [13]Not found
2023.07.14 19:28:51	2	WebAPI:parse user get failed: [13]Not found
2023.07.14 19:31:42	2	WebAPI:parse user get failed: [13]Not found
2023.07.14 19:31:55	2	WebAPI:parse user get failed: [13]Not found
2023.07.14 19:32:09	2	WebAPI:parse user get failed: [13]Not found
2023.07.14 19:32:19	2	WebAPI:parse user get failed: [13]Not found
2023.07.14 19:32:23	2	WebAPI:parse user get failed: [13]Not found
2023.07.14 19:34:48	2	WebAPI:parse user get failed: [13]Not found
2023.07.14 19:40:14	2	WebAPI:parse user get failed: [13]Not found
2023.07.14 19:48:38	2	WebAPI:parse user get failed: [13]Not found
2023.07.14 19:51:05	2	WebAPI:parse user get failed: [13]Not found
2023.07.14 19:52:06	2	WebAPI:parse user get failed: [13]Not found
2023.07.14 20:00:40	2	WebAPI:parse user get failed: [13]Not found
2023.07.14 20:05:53	2	WebAPI:parse user get failed: [13]Not found
2023.07.14 20:07:13	2	WebAPI:parse user get failed: [13]Not found
2023.07.14 20:07:26	2	WebAPI:parse user get failed: [13]Not found
2023.07.14 20:07:33	2	WebAPI:parse user get failed: [13]Not found
2023.07.14 20:08:16	2	WebAPI:parse user get failed: [13]Not found
2023.07.14 20:10:03	2	WebAPI:parse user get failed: [13]Not found
2023.07.14 20:14:58	2	WebAPI:parse user add failed: [3]Invalid parameters
2023.07.14 20:16:30	2	WebAPI:parse user get failed: [13]Not found
2023.07.14 20:17:36	2	WebAPI:parse user get failed: [13]Not found
2023.07.14 20:18:03	2	WebAPI:parse user get failed: [13]Not found
2023.07.14 20:18:07	2	WebAPI:parse user get failed: [13]Not found
2023.07.14 20:18:24	2	WebAPI:parse user get failed: [13]Not found
2023.07.14 20:18:33	2	WebAPI:parse user get failed: [13]Not found
2023.07.14 20:19:29	2	WebAPI:parse user get failed: [13]Not found
2023.07.14 20:19:32	2	WebAPI:parse user get failed: [13]Not found
2023.07.14 20:22:16	2	WebAPI:parse user get failed: [13]Not found
2023.07.14 20:24:16	2	WebAPI:parse user get failed: [13]Not found
2023.07.14 20:25:39	2	WebAPI:parse user get failed: [13]Not found
2023.07.14 20:26:06	2	WebAPI:parse user get failed: [13]Not found
2023.07.14 20:30:06	2	WebAPI:parse user get failed: [13]Not found
2023.07.14 20:30:12	2	WebAPI:parse user get failed: [13]Not found
2023.07.14 20:31:33	2	WebAPI:parse user get failed: [13]Not found
2023.07.14 20:31:40	2	WebAPI:parse user get failed: [13]Not found
2023.07.14 20:31:44	2	WebAPI:parse user get failed: [13]Not found
2023.07.14 20:34:47	2	WebAPI:parse user get failed: [13]Not found
2023.07.14 20:35:13	2	WebAPI:parse user get failed: [13]Not found
2023.07.14 20:36:10	2	WebAPI:parse user get failed: [13]Not found
2023.07.14 20:36:31	2	WebAPI:parse user get failed: [13]Not found
2023.07.14 20:38:54	2	WebAPI:parse user get failed: [13]Not found
2023.07.14 20:39:12	2	WebAPI:parse user get failed: [13]Not found
2023.07.14 20:40:59	2	WebAPI:parse user get failed: [13]Not found
2023.07.14 20:42:33	2	WebAPI:parse user get failed: [13]Not found
2023.07.14 20:42:44	2	WebAPI:parse user get failed: [13]Not found
2023.07.14 20:44:08	2	WebAPI:parse user get failed: [13]Not found
2023.07.14 20:44:25	2	WebAPI:parse user get failed: [13]Not found
2023.07.14 20:44:34	2	WebAPI:parse user get failed: [13]Not found
2023.07.14 20:44:57	2	WebAPI:parse user get failed: [13]Not found
2023.07.14 20:45:08	2	WebAPI:parse user get failed: [13]Not found
2023.07.14 20:46:17	2	WebAPI:parse user get failed: [13]Not found
2023.07.14 20:50:03	2	WebAPI:parse user get failed: [13]Not found
2023.07.14 20:50:14	2	WebAPI:parse user get failed: [8]Not enough permissions
2023.07.14 20:50:54	2	WebAPI:parse user get failed: [13]Not found
2023.07.14 20:50:57	2	WebAPI:parse user get failed: [13]Not found
2023.07.14 20:51:17	2	WebAPI:parse user get failed: [13]Not found
2023.07.14 20:51:20	2	WebAPI:parse user get failed: [8]Not enough permissions
2023.07.14 20:51:22	2	WebAPI:parse user get failed: [8]Not enough permissions
2023.07.14 20:51:23	2	WebAPI:parse user get failed: [8]Not enough permissions
2023.07.14 20:51:29	2	WebAPI:parse user get failed: [13]Not found
2023.07.14 20:54:16	2	WebAPI:parse user get failed: [13]Not found
2023.07.14 20:56:04	2	WebAPI:parse user get failed: [13]Not found
2023.07.14 20:56:18	2	WebAPI:parse user get failed: [13]Not found
2023.07.14 20:56:32	2	WebAPI:parse user get failed: [13]Not found
2023.07.14 21:04:43	2	WebAPI:parse user get failed: [13]Not found
2023.07.14 21:05:02	2	WebAPI:parse user get failed: [13]Not found
2023.07.14 21:05:26	2	WebAPI:parse user get failed: [13]Not found
2023.07.14 21:06:06	2	WebAPI:parse user get failed: [13]Not found
2023.07.14 21:07:44	2	WebAPI:parse user get failed: [13]Not found
2023.07.14 21:07:59	2	WebAPI:parse user get failed: [13]Not found
2023.07.14 21:08:33	2	WebAPI:parse user get failed: [13]Not found
2023.07.14 21:08:37	2	WebAPI:parse user get failed: [13]Not found
2023.07.14 21:10:02	2	WebAPI:parse user get failed: [13]Not found
2023.07.14 21:10:17	2	WebAPI:parse user get failed: [13]Not found
2023.07.14 21:10:31	2	WebAPI:parse user get failed: [13]Not found
2023.07.14 21:12:32	2	WebAPI:parse user get failed: [13]Not found
2023.07.14 21:12:32	2	WebAPI:parse user get failed: [13]Not found
2023.07.14 21:12:38	2	WebAPI:parse user get failed: [13]Not found
2023.07.14 21:12:50	2	WebAPI:parse user get failed: [13]Not found
2023.07.14 21:13:27	2	WebAPI:parse user get failed: [13]Not found
2023.07.14 21:13:40	2	WebAPI:parse user get failed: [13]Not found
2023.07.14 21:14:02	2	WebAPI:parse user get failed: [13]Not found
2023.07.14 21:14:11	2	WebAPI:parse user get failed: [13]Not found
2023.07.14 21:14:16	2	WebAPI:parse user get failed: [13]Not found
2023.07.14 21:14:43	2	WebAPI:parse user get failed: [13]Not found
2023.07.14 21:48:37	2	WebAPI:parse user get failed: [13]Not found
2023.07.14 21:49:05	2	WebAPI:parse user get failed: [13]Not found
2023.07.14 21:49:30	2	WebAPI:parse user get failed: [13]Not found
2023.07.14 21:49:50	2	WebAPI:parse user get failed: [13]Not found
2023.07.14 21:50:21	2	WebAPI:parse user get failed: [13]Not found
2023.07.14 21:59:11	2	WebAPI:parse user get failed: [13]Not found
2023.07.14 21:59:42	2	WebAPI:parse user get failed: [13]Not found
2023.07.14 21:59:50	2	WebAPI:parse user get failed: [13]Not found
2023.07.14 22:00:25	2	WebAPI:parse user get failed: [13]Not found
2023.07.14 22:00:36	2	WebAPI:parse user get failed: [13]Not found
2023.07.14 22:19:36	2	WebAPI:parse user get failed: [13]Not found
2023.07.14 22:20:29	2	WebAPI:parse user get failed: [13]Not found
2023.07.14 22:21:49	2	WebAPI:parse user get failed: [13]Not found
2023.07.14 22:25:05	2	WebAPI:parse user get failed: [13]Not found
2023.07.14 22:26:53	2	WebAPI:parse user get failed: [13]Not found
2023.07.14 22:27:00	2	WebAPI:parse user get failed: [13]Not found
2023.07.14 22:27:04	2	WebAPI:parse user get failed: [13]Not found
2023.07.14 22:27:22	2	WebAPI:parse user get failed: [13]Not found
